  playground.cpp
C:\Users\Lukas\CLionProjects\THU\CG\OpenGL-RenderingMultipleObjects\playground\playground.cpp(80,50): warning C4244: "Argument": Konvertierung von "T" in "const unsigned __int64", möglicher Datenverlust
          with
          [
              T=float
          ]
C:\Users\Lukas\CLionProjects\THU\CG\OpenGL-RenderingMultipleObjects\playground\playground.cpp(80,70): warning C4244: "Argument": Konvertierung von "T" in "const unsigned __int64", möglicher Datenverlust
          with
          [
              T=float
          ]
C:\Users\Lukas\CLionProjects\THU\CG\OpenGL-RenderingMultipleObjects\playground\playground.cpp(80,123): warning C4244: "Argument": Konvertierung von "T" in "const unsigned __int64", möglicher Datenverlust
          with
          [
              T=float
          ]
C:\Users\Lukas\CLionProjects\THU\CG\OpenGL-RenderingMultipleObjects\playground\playground.cpp(80,144): warning C4244: "Argument": Konvertierung von "T" in "const unsigned __int64", möglicher Datenverlust
          with
          [
              T=float
          ]
C:\Users\Lukas\CLionProjects\THU\CG\OpenGL-RenderingMultipleObjects\playground\playground.cpp(81,55): warning C4244: "Argument": Konvertierung von "T" in "const unsigned __int64", möglicher Datenverlust
          with
          [
              T=float
          ]
C:\Users\Lukas\CLionProjects\THU\CG\OpenGL-RenderingMultipleObjects\playground\playground.cpp(81,75): warning C4244: "Argument": Konvertierung von "T" in "const unsigned __int64", möglicher Datenverlust
          with
          [
              T=float
          ]
C:\Users\Lukas\CLionProjects\THU\CG\OpenGL-RenderingMultipleObjects\playground\playground.cpp(85,50): warning C4244: "Argument": Konvertierung von "T" in "const unsigned __int64", möglicher Datenverlust
          with
          [
              T=float
          ]
C:\Users\Lukas\CLionProjects\THU\CG\OpenGL-RenderingMultipleObjects\playground\playground.cpp(85,70): warning C4244: "Argument": Konvertierung von "T" in "const unsigned __int64", möglicher Datenverlust
          with
          [
              T=float
          ]
C:\Users\Lukas\CLionProjects\THU\CG\OpenGL-RenderingMultipleObjects\playground\playground.cpp(89,50): warning C4244: "Argument": Konvertierung von "T" in "const unsigned __int64", möglicher Datenverlust
          with
          [
              T=float
          ]
C:\Users\Lukas\CLionProjects\THU\CG\OpenGL-RenderingMultipleObjects\playground\playground.cpp(89,70): warning C4244: "Argument": Konvertierung von "T" in "const unsigned __int64", möglicher Datenverlust
          with
          [
              T=float
          ]
C:\Users\Lukas\CLionProjects\THU\CG\OpenGL-RenderingMultipleObjects\playground\playground.cpp(96,53): warning C4244: "Argument": Konvertierung von "T" in "const unsigned __int64", möglicher Datenverlust
          with
          [
              T=float
          ]
C:\Users\Lukas\CLionProjects\THU\CG\OpenGL-RenderingMultipleObjects\playground\playground.cpp(96,74): warning C4244: "Argument": Konvertierung von "T" in "const unsigned __int64", möglicher Datenverlust
          with
          [
              T=float
          ]
C:\Users\Lukas\CLionProjects\THU\CG\OpenGL-RenderingMultipleObjects\playground\playground.cpp(96,127): warning C4244: "Argument": Konvertierung von "T" in "const unsigned __int64", möglicher Datenverlust
          with
          [
              T=float
          ]
C:\Users\Lukas\CLionProjects\THU\CG\OpenGL-RenderingMultipleObjects\playground\playground.cpp(96,148): warning C4244: "Argument": Konvertierung von "T" in "const unsigned __int64", möglicher Datenverlust
          with
          [
              T=float
          ]
C:\Users\Lukas\CLionProjects\THU\CG\OpenGL-RenderingMultipleObjects\playground\playground.cpp(97,58): warning C4244: "Argument": Konvertierung von "T" in "const unsigned __int64", möglicher Datenverlust
          with
          [
              T=float
          ]
C:\Users\Lukas\CLionProjects\THU\CG\OpenGL-RenderingMultipleObjects\playground\playground.cpp(97,79): warning C4244: "Argument": Konvertierung von "T" in "const unsigned __int64", möglicher Datenverlust
          with
          [
              T=float
          ]
C:\Users\Lukas\CLionProjects\THU\CG\OpenGL-RenderingMultipleObjects\playground\playground.cpp(101,53): warning C4244: "Argument": Konvertierung von "T" in "const unsigned __int64", möglicher Datenverlust
          with
          [
              T=float
          ]
C:\Users\Lukas\CLionProjects\THU\CG\OpenGL-RenderingMultipleObjects\playground\playground.cpp(101,74): warning C4244: "Argument": Konvertierung von "T" in "const unsigned __int64", möglicher Datenverlust
          with
          [
              T=float
          ]
C:\Users\Lukas\CLionProjects\THU\CG\OpenGL-RenderingMultipleObjects\playground\playground.cpp(105,53): warning C4244: "Argument": Konvertierung von "T" in "const unsigned __int64", möglicher Datenverlust
          with
          [
              T=float
          ]
C:\Users\Lukas\CLionProjects\THU\CG\OpenGL-RenderingMultipleObjects\playground\playground.cpp(105,74): warning C4244: "Argument": Konvertierung von "T" in "const unsigned __int64", möglicher Datenverlust
          with
          [
              T=float
          ]
C:\Users\Lukas\CLionProjects\THU\CG\OpenGL-RenderingMultipleObjects\playground\playground.cpp(112,53): warning C4244: "Argument": Konvertierung von "T" in "const unsigned __int64", möglicher Datenverlust
          with
          [
              T=float
          ]
C:\Users\Lukas\CLionProjects\THU\CG\OpenGL-RenderingMultipleObjects\playground\playground.cpp(112,74): warning C4244: "Argument": Konvertierung von "T" in "const unsigned __int64", möglicher Datenverlust
          with
          [
              T=float
          ]
C:\Users\Lukas\CLionProjects\THU\CG\OpenGL-RenderingMultipleObjects\playground\playground.cpp(112,127): warning C4244: "Argument": Konvertierung von "T" in "const unsigned __int64", möglicher Datenverlust
          with
          [
              T=float
          ]
C:\Users\Lukas\CLionProjects\THU\CG\OpenGL-RenderingMultipleObjects\playground\playground.cpp(112,148): warning C4244: "Argument": Konvertierung von "T" in "const unsigned __int64", möglicher Datenverlust
          with
          [
              T=float
          ]
C:\Users\Lukas\CLionProjects\THU\CG\OpenGL-RenderingMultipleObjects\playground\playground.cpp(113,58): warning C4244: "Argument": Konvertierung von "T" in "const unsigned __int64", möglicher Datenverlust
          with
          [
              T=float
          ]
C:\Users\Lukas\CLionProjects\THU\CG\OpenGL-RenderingMultipleObjects\playground\playground.cpp(113,79): warning C4244: "Argument": Konvertierung von "T" in "const unsigned __int64", möglicher Datenverlust
          with
          [
              T=float
          ]
C:\Users\Lukas\CLionProjects\THU\CG\OpenGL-RenderingMultipleObjects\playground\playground.cpp(117,53): warning C4244: "Argument": Konvertierung von "T" in "const unsigned __int64", möglicher Datenverlust
          with
          [
              T=float
          ]
C:\Users\Lukas\CLionProjects\THU\CG\OpenGL-RenderingMultipleObjects\playground\playground.cpp(117,74): warning C4244: "Argument": Konvertierung von "T" in "const unsigned __int64", möglicher Datenverlust
          with
          [
              T=float
          ]
C:\Users\Lukas\CLionProjects\THU\CG\OpenGL-RenderingMultipleObjects\playground\playground.cpp(121,53): warning C4244: "Argument": Konvertierung von "T" in "const unsigned __int64", möglicher Datenverlust
          with
          [
              T=float
          ]
C:\Users\Lukas\CLionProjects\THU\CG\OpenGL-RenderingMultipleObjects\playground\playground.cpp(121,74): warning C4244: "Argument": Konvertierung von "T" in "const unsigned __int64", möglicher Datenverlust
          with
          [
              T=float
          ]
C:\Users\Lukas\CLionProjects\THU\CG\OpenGL-RenderingMultipleObjects\playground\playground.cpp(128,53): warning C4244: "Argument": Konvertierung von "T" in "const unsigned __int64", möglicher Datenverlust
          with
          [
              T=float
          ]
C:\Users\Lukas\CLionProjects\THU\CG\OpenGL-RenderingMultipleObjects\playground\playground.cpp(128,71): warning C4244: "Argument": Konvertierung von "T" in "const unsigned __int64", möglicher Datenverlust
          with
          [
              T=float
          ]
C:\Users\Lukas\CLionProjects\THU\CG\OpenGL-RenderingMultipleObjects\playground\playground.cpp(128,123): warning C4244: "Argument": Konvertierung von "T" in "const unsigned __int64", möglicher Datenverlust
          with
          [
              T=float
          ]
C:\Users\Lukas\CLionProjects\THU\CG\OpenGL-RenderingMultipleObjects\playground\playground.cpp(128,144): warning C4244: "Argument": Konvertierung von "T" in "const unsigned __int64", möglicher Datenverlust
          with
          [
              T=float
          ]
C:\Users\Lukas\CLionProjects\THU\CG\OpenGL-RenderingMultipleObjects\playground\playground.cpp(129,53): warning C4244: "Argument": Konvertierung von "T" in "const unsigned __int64", möglicher Datenverlust
          with
          [
              T=float
          ]
C:\Users\Lukas\CLionProjects\THU\CG\OpenGL-RenderingMultipleObjects\playground\playground.cpp(129,71): warning C4244: "Argument": Konvertierung von "T" in "const unsigned __int64", möglicher Datenverlust
          with
          [
              T=float
          ]
C:\Users\Lukas\CLionProjects\THU\CG\OpenGL-RenderingMultipleObjects\playground\playground.cpp(133,53): warning C4244: "Argument": Konvertierung von "T" in "const unsigned __int64", möglicher Datenverlust
          with
          [
              T=float
          ]
C:\Users\Lukas\CLionProjects\THU\CG\OpenGL-RenderingMultipleObjects\playground\playground.cpp(133,71): warning C4244: "Argument": Konvertierung von "T" in "const unsigned __int64", möglicher Datenverlust
          with
          [
              T=float
          ]
C:\Users\Lukas\CLionProjects\THU\CG\OpenGL-RenderingMultipleObjects\playground\playground.cpp(137,53): warning C4244: "Argument": Konvertierung von "T" in "const unsigned __int64", möglicher Datenverlust
          with
          [
              T=float
          ]
C:\Users\Lukas\CLionProjects\THU\CG\OpenGL-RenderingMultipleObjects\playground\playground.cpp(137,71): warning C4244: "Argument": Konvertierung von "T" in "const unsigned __int64", möglicher Datenverlust
          with
          [
              T=float
          ]
C:\Users\Lukas\CLionProjects\THU\CG\OpenGL-RenderingMultipleObjects\playground\playground.cpp(147,50): warning C4244: "Argument": Konvertierung von "T" in "const unsigned __int64", möglicher Datenverlust
          with
          [
              T=float
          ]
C:\Users\Lukas\CLionProjects\THU\CG\OpenGL-RenderingMultipleObjects\playground\playground.cpp(147,71): warning C4244: "Argument": Konvertierung von "T" in "const unsigned __int64", möglicher Datenverlust
          with
          [
              T=float
          ]
C:\Users\Lukas\CLionProjects\THU\CG\OpenGL-RenderingMultipleObjects\playground\playground.cpp(154,45): warning C4244: "Argument": Konvertierung von "T" in "const unsigned __int64", möglicher Datenverlust
          with
          [
              T=float
          ]
C:\Users\Lukas\CLionProjects\THU\CG\OpenGL-RenderingMultipleObjects\playground\playground.cpp(167,19): warning C4244: "Initialisierung": Konvertierung von "double" in "float", möglicher Datenverlust
C:\Users\Lukas\CLionProjects\THU\CG\OpenGL-RenderingMultipleObjects\playground\playground.cpp(210,57): warning C4305: "+=": Verkürzung von "double" in "float"
C:\Users\Lukas\CLionProjects\THU\CG\OpenGL-RenderingMultipleObjects\playground\playground.cpp(211,57): warning C4305: "-=": Verkürzung von "double" in "float"
C:\Users\Lukas\CLionProjects\THU\CG\OpenGL-RenderingMultipleObjects\playground\playground.cpp(222,46): warning C4244: "=": Konvertierung von "int" in "T", möglicher Datenverlust
          with
          [
              T=float
          ]
C:\Users\Lukas\CLionProjects\THU\CG\OpenGL-RenderingMultipleObjects\playground\playground.cpp(223,46): warning C4244: "=": Konvertierung von "int" in "T", möglicher Datenverlust
          with
          [
              T=float
          ]
C:\Users\Lukas\CLionProjects\THU\CG\OpenGL-RenderingMultipleObjects\playground\playground.cpp(224,51): warning C4244: "=": Konvertierung von "int" in "T", möglicher Datenverlust
          with
          [
              T=float
          ]
C:\Users\Lukas\CLionProjects\THU\CG\OpenGL-RenderingMultipleObjects\playground\playground.cpp(225,34): warning C4244: "=": Konvertierung von "T" in "int", möglicher Datenverlust
          with
          [
              T=float
          ]
C:\Users\Lukas\CLionProjects\THU\CG\OpenGL-RenderingMultipleObjects\playground\playground.cpp(387,38): warning C4305: "Argument": Verkürzung von "double" in "float"
C:\Users\Lukas\CLionProjects\THU\CG\OpenGL-RenderingMultipleObjects\playground\playground.cpp(406,36): warning C4305: "Argument": Verkürzung von "double" in "float"
C:\Users\Lukas\CLionProjects\THU\CG\OpenGL-RenderingMultipleObjects\playground\playground.cpp(444,20): warning C4305: "-=": Verkürzung von "double" in "T"
          with
          [
              T=float
          ]
  playground.vcxproj -> C:\Users\Lukas\CLionProjects\THU\CG\OpenGL-RenderingMultipleObjects\output\Debug\playground.exe
